0 info it worked if it ends with ok
1 verbose cli [ '/usr/local/bin/node', '/usr/local/bin/npm', 'run', 'test' ]
2 info using npm@3.10.3
3 info using node@v6.3.0
4 verbose run-script [ 'pretest', 'test', 'posttest' ]
5 info lifecycle html-yu-plugin@1.0.0~pretest: html-yu-plugin@1.0.0
6 verbose lifecycle html-yu-plugin@1.0.0~pretest: unsafe-perm in lifecycle true
7 verbose lifecycle html-yu-plugin@1.0.0~pretest: PATH: /usr/local/lib/node_modules/npm/bin/node-gyp-bin:/Users/yukuang/Desktop/work/myjar/html-yu-plugin/node_modules/.bin:/usr/local/bin:/Users/yukuang/.rvm/gems/ruby-2.3.0/bin:/Users/yukuang/.rvm/gems/ruby-2.3.0@global/bin:/Users/yukuang/.rvm/rubies/ruby-2.3.0/bin:/usr/local/bin:/usr/bin:/bin:/usr/sbin:/sbin:/Library/Frameworks/Mono.framework/Versions/Current/Commands:/Users/yukuang/.rvm/bin:/Users/yukuang/bin
8 verbose lifecycle html-yu-plugin@1.0.0~pretest: CWD: /Users/yukuang/Desktop/work/myjar/html-yu-plugin
9 silly lifecycle html-yu-plugin@1.0.0~pretest: Args: [ '-c', 'jshint *.js spec' ]
10 info lifecycle html-yu-plugin@1.0.0~pretest: Failed to exec pretest script
11 verbose stack Error: html-yu-plugin@1.0.0 pretest: `jshint *.js spec`
11 verbose stack spawn ENOENT
11 verbose stack     at ChildProcess.<anonymous> (/usr/local/lib/node_modules/npm/lib/utils/spawn.js:33:16)
11 verbose stack     at emitTwo (events.js:106:13)
11 verbose stack     at ChildProcess.emit (events.js:191:7)
11 verbose stack     at maybeClose (internal/child_process.js:852:16)
11 verbose stack     at Process.ChildProcess._handle.onexit (internal/child_process.js:215:5)
12 verbose pkgid html-yu-plugin@1.0.0
13 verbose cwd /Users/yukuang/Desktop/work/myjar/html-yu-plugin
14 error Darwin 15.0.0
15 error argv "/usr/local/bin/node" "/usr/local/bin/npm" "run" "test"
16 error node v6.3.0
17 error npm  v3.10.3
18 error file sh
19 error code ELIFECYCLE
20 error errno ENOENT
21 error syscall spawn
22 error html-yu-plugin@1.0.0 pretest: `jshint *.js spec`
22 error spawn ENOENT
23 error Failed at the html-yu-plugin@1.0.0 pretest script 'jshint *.js spec'.
23 error Make sure you have the latest version of node.js and npm installed.
23 error If you do, this is most likely a problem with the html-yu-plugin package,
23 error not with npm itself.
23 error Tell the author that this fails on your system:
23 error     jshint *.js spec
23 error You can get information on how to open an issue for this project with:
23 error     npm bugs html-yu-plugin
23 error Or if that isn't available, you can get their info via:
23 error     npm owner ls html-yu-plugin
23 error There is likely additional logging output above.
24 verbose exit [ 1, true ]
